<?xml version="1.0" encoding="UTF-8"?>
<testng-results skipped="0" failed="0" ignored="0" total="1" passed="1">
  <reporter-output>
  </reporter-output>
  <suite name="Default suite" duration-ms="22404" started-at="2019-08-27T14:26:12Z" finished-at="2019-08-27T14:26:35Z">
    <groups>
    </groups>
    <test name="Default test" duration-ms="22404" started-at="2019-08-27T14:26:12Z" finished-at="2019-08-27T14:26:35Z">
      <class name="com.atmecs.utils.testscripts.Freetrail">
        <test-method status="PASS" signature="setup()[pri:0, instance:com.atmecs.utils.testscripts.Freetrail@6d00a15d]" name="setup" is-config="true" duration-ms="7034" started-at="2019-08-27T19:56:12Z" finished-at="2019-08-27T19:56:19Z">
          <reporter-output>
          </reporter-output>
        </test-method> <!-- setup -->
        <test-method status="PASS" signature="freetrail()[pri:0, instance:com.atmecs.utils.testscripts.Freetrail@6d00a15d]" name="freetrail" duration-ms="15343" started-at="2019-08-27T19:56:19Z" finished-at="2019-08-27T19:56:35Z">
          <reporter-output>
          </reporter-output>
        </test-method> <!-- freetrail -->
      </class> <!-- com.atmecs.utils.testscripts.Freetrail -->
    </test> <!-- Default test -->
  </suite> <!-- Default suite -->
</testng-results>
